<?xml version="1.0" encoding="UTF-8"?>
<!-- Generated by org.testng.reporters.JUnitReportReporter -->
<testsuite hostname="DESKTOP-GGALNV8" failures="0" tests="2" name="Test.SwaglabsLoginPageTest" time="32.544" errors="0" timestamp="2022-10-14T10:22:40 IST" skipped="0">
  <testcase classname="Test.SwaglabsLoginPageTest" name="SwaglabsloginPageWithValidCreditial" time="18.243"/>
  <system-out/>
  <testcase classname="Test.SwaglabsLoginPageTest" name="login" time="14.301"/>
  <system-out/>
</testsuite> <!-- Test.SwaglabsLoginPageTest -->
